[debug] [2021-06-27T04:03:48.318Z] ----------------------------------------------------------------------
[debug] [2021-06-27T04:03:48.347Z] Command:       C:\Program Files\nodejs\node.exe C:\Users\TOSHIB5A\AppData\Roaming\npm\node_modules\firebase-tools\lib\bin\firebase.js deploy
[debug] [2021-06-27T04:03:48.348Z] CLI Version:   9.14.0
[debug] [2021-06-27T04:03:48.348Z] Platform:      win32
[debug] [2021-06-27T04:03:48.349Z] Node Version:  v12.13.0
[debug] [2021-06-27T04:03:48.479Z] Time:          Sun Jun 27 2021 09:33:48 GMT+0530 (India Standard Time)
[debug] [2021-06-27T04:03:48.480Z] ----------------------------------------------------------------------
[debug] 
[debug] [2021-06-27T04:03:48.582Z] > command requires scopes: ["email","openid","https://www.googleapis.com/auth/cloudplatformprojects.readonly","https://www.googleapis.com/auth/firebase","https://www.googleapis.com/auth/cloud-platform"]
[debug] [2021-06-27T04:03:48.583Z] > authorizing via signed-in user (alokshivsingh@gmail.com)
[debug] [2021-06-27T04:03:48.583Z] [iam] checking project netflix-clone-317617 for permissions ["firebase.projects.get","firebasehosting.sites.update"]
[debug] [2021-06-27T04:03:48.596Z] >>> HTTP REQUEST POST https://cloudresourcemanager.googleapis.com/v1/projects/netflix-clone-317617:testIamPermissions  
 {"permissions":["firebase.projects.get","firebasehosting.sites.update"]}
[debug] [2021-06-27T04:03:48.795Z] [iam] error while checking permissions, command may fail: FirebaseError: Server Error. getaddrinfo ENOTFOUND cloudresourcemanager.googleapis.com
[debug] [2021-06-27T04:03:48.798Z] > refreshing access token with scopes: []
[debug] [2021-06-27T04:03:48.799Z] >>> HTTP REQUEST POST https://www.googleapis.com/oauth2/v3/token  
 <request body omitted>
[debug] [2021-06-27T04:03:48.825Z] Authentication Error: Your credentials are no longer valid. Please run firebase login --reauth

For CI servers and headless environments, generate a new token with firebase login:ci
[debug] [2021-06-27T04:03:48.838Z] FirebaseError: Authentication Error: Your credentials are no longer valid. Please run firebase login --reauth

For CI servers and headless environments, generate a new token with firebase login:ci
    at invalidCredentialError (C:\Users\TOSHIB5A\AppData\Roaming\npm\node_modules\firebase-tools\lib\auth.js:141:12)
    at refreshTokens (C:\Users\TOSHIB5A\AppData\Roaming\npm\node_modules\firebase-tools\lib\auth.js:448:15)
    at processTicksAndRejections (internal/process/task_queues.js:93:5)
[error] 
[error] Error: Failed to get Firebase project netflix-clone-317617. Please make sure the project exists and your account has permission to access it.
